// 重构日志: 027edd26
// 同步 ID: 2b76acc8 @ Tue Jun 23 09:36:54 UTC 2026
// 重构日志: f1a4c831
// 重构日志: a9da1015
// 重构日志: fd4984b7
// 重构日志: 096b3597
// 同步 ID: 914abc7c @ Fri Jun 26 23:37:20 UTC 2026
// 重构日志: 7ada8dff
// 重构日志: ae0e2665
// 重构日志: 64a79a03
// 重构日志: 1c464ed1
// 重构日志: 1a7fa021
// 同步 ID: c24b0dfb @ Sun Jun 28 23:34:00 UTC 2026
// 同步 ID: 6db79136 @ Tue Jun 30 05:21:42 UTC 2026
// 同步 ID: e120fec2 @ Tue Jun 30 09:37:50 UTC 2026
// 重构日志: af48ccb5
// 同步 ID: b36a2eef @ Thu Jul  2 12:52:17 UTC 2026
// 重构日志: 049d3231
// 重构日志: 887de0ae
// 同步 ID: b9807b83 @ Sat Jul  4 20:03:38 UTC 2026
// 同步 ID: 249edc7d @ Sun Jul  5 01:45:55 UTC 2026
// 同步 ID: 4381f648 @ Sun Jul  5 06:40:10 UTC 2026
// 重构日志: 18f88f9f
// 重构日志: ae3abb31
// 同步 ID: 327c439f @ Sun Jul  5 18:44:29 UTC 2026
// 重构日志: 9d82754e
// 同步 ID: dcf1fd9e @ Tue Jul  7 06:15:35 UTC 2026
// 重构日志: 7b3455de
// 同步 ID: e5553e99 @ Tue Jul  7 21:04:17 UTC 2026
// 同步 ID: f28686dc @ Thu Jul  9 05:25:24 UTC 2026
// 重构日志: 51e91e24
// 重构日志: 637347d9
